Performing C SOURCE FILE Test CMAKE_HAVE_LIBC_PTHREAD failed with the following output:
Change Dir: /home/azathoth/workshop/db/scudb_initial/cmake-build-debug/CMakeFiles/CMakeTmp

Run Build Command(s):/usr/bin/make -f Makefile cmTC_382dd/fast && /usr/bin/make  -f CMakeFiles/cmTC_382dd.dir/build.make CMakeFiles/cmTC_382dd.dir/build
make[1]: Entering directory '/home/azathoth/backup/workshop/db/scudb_initial/cmake-build-debug/CMakeFiles/CMakeTmp'
Building C object CMakeFiles/cmTC_382dd.dir/src.c.o
/usr/bin/cc -DCMAKE_HAVE_LIBC_PTHREAD   -o CMakeFiles/cmTC_382dd.dir/src.c.o -c /home/azathoth/workshop/db/scudb_initial/cmake-build-debug/CMakeFiles/CMakeTmp/src.c
Linking C executable cmTC_382dd
/home/azathoth/.local/share/JetBrains/Toolbox/apps/CLion/ch-0/212.5457.51/bin/cmake/linux/bin/cmake -E cmake_link_script CMakeFiles/cmTC_382dd.dir/link.txt --verbose=1
/usr/bin/cc -rdynamic CMakeFiles/cmTC_382dd.dir/src.c.o -o cmTC_382dd 
/usr/bin/ld: CMakeFiles/cmTC_382dd.dir/src.c.o: in function `main':
src.c:(.text+0x46): undefined reference to `pthread_create'
/usr/bin/ld: src.c:(.text+0x52): undefined reference to `pthread_detach'
/usr/bin/ld: src.c:(.text+0x5e): undefined reference to `pthread_cancel'
/usr/bin/ld: src.c:(.text+0x6f): undefined reference to `pthread_join'
collect2: error: ld returned 1 exit status
make[1]: *** [CMakeFiles/cmTC_382dd.dir/build.make:99: cmTC_382dd] Error 1
make[1]: Leaving directory '/home/azathoth/backup/workshop/db/scudb_initial/cmake-build-debug/CMakeFiles/CMakeTmp'
make: *** [Makefile:127: cmTC_382dd/fast] Error 2


Source file was:
#include <pthread.h>

static void* test_func(void* data)
{
  return data;
}

int main(void)
{
  pthread_t thread;
  pthread_create(&thread, NULL, test_func, NULL);
  pthread_detach(thread);
  pthread_cancel(thread);
  pthread_join(thread, NULL);
  pthread_atfork(NULL, NULL, NULL);
  pthread_exit(NULL);

  return 0;
}

Determining if the function pthread_create exists in the pthreads failed with the following output:
Change Dir: /home/azathoth/workshop/db/scudb_initial/cmake-build-debug/CMakeFiles/CMakeTmp

Run Build Command(s):/usr/bin/make -f Makefile cmTC_3b286/fast && /usr/bin/make  -f CMakeFiles/cmTC_3b286.dir/build.make CMakeFiles/cmTC_3b286.dir/build
make[1]: Entering directory '/home/azathoth/backup/workshop/db/scudb_initial/cmake-build-debug/CMakeFiles/CMakeTmp'
Building C object CMakeFiles/cmTC_3b286.dir/CheckFunctionExists.c.o
/usr/bin/cc   -DCHECK_FUNCTION_EXISTS=pthread_create -o CMakeFiles/cmTC_3b286.dir/CheckFunctionExists.c.o -c /home/azathoth/.local/share/JetBrains/Toolbox/apps/CLion/ch-0/212.5457.51/bin/cmake/linux/share/cmake-3.20/Modules/CheckFunctionExists.c
Linking C executable cmTC_3b286
/home/azathoth/.local/share/JetBrains/Toolbox/apps/CLion/ch-0/212.5457.51/bin/cmake/linux/bin/cmake -E cmake_link_script CMakeFiles/cmTC_3b286.dir/link.txt --verbose=1
/usr/bin/cc  -DCHECK_FUNCTION_EXISTS=pthread_create -rdynamic CMakeFiles/cmTC_3b286.dir/CheckFunctionExists.c.o -o cmTC_3b286  -lpthreads 
/usr/bin/ld: cannot find -lpthreads
collect2: error: ld returned 1 exit status
make[1]: *** [CMakeFiles/cmTC_3b286.dir/build.make:99: cmTC_3b286] Error 1
make[1]: Leaving directory '/home/azathoth/backup/workshop/db/scudb_initial/cmake-build-debug/CMakeFiles/CMakeTmp'
make: *** [Makefile:127: cmTC_3b286/fast] Error 2



